{"/home/jac/Code/DevReps/src/_Optimal/lc209Alt.ts": {"path":"/home/jac/Code/DevReps/src/_Optimal/lc209Alt.ts","statementMap":{"0":{"start":{"line":2,"column":14},"end":{"line":2,"column":15}},"1":{"start":{"line":3,"column":12},"end":{"line":3,"column":13}},"2":{"start":{"line":4,"column":12},"end":{"line":4,"column":19}},"3":{"start":{"line":5,"column":13},"end":{"line":5,"column":18}},"4":{"start":{"line":6,"column":17},"end":{"line":6,"column":28}},"5":{"start":{"line":7,"column":18},"end":{"line":7,"column":24}},"6":{"start":{"line":9,"column":2},"end":{"line":23,"column":null}},"7":{"start":{"line":10,"column":4},"end":{"line":22,"column":null}},"8":{"start":{"line":11,"column":6},"end":{"line":13,"column":null}},"9":{"start":{"line":12,"column":8},"end":{"line":12,"column":36}},"10":{"start":{"line":14,"column":6},"end":{"line":14,"column":25}},"11":{"start":{"line":15,"column":6},"end":{"line":15,"column":18}},"12":{"start":{"line":16,"column":6},"end":{"line":16,"column":14}},"13":{"start":{"line":18,"column":6},"end":{"line":18,"column":12}},"14":{"start":{"line":19,"column":6},"end":{"line":21,"column":null}},"15":{"start":{"line":20,"column":8},"end":{"line":20,"column":25}},"16":{"start":{"line":25,"column":2},"end":{"line":27,"column":null}},"17":{"start":{"line":26,"column":4},"end":{"line":26,"column":13}},"18":{"start":{"line":29,"column":2},"end":{"line":29,"column":19}},"19":{"start":{"line":35,"column":45},"end":{"line":35,"column":53}},"20":{"start":{"line":32,"column":0},"end":{"line":32,"column":69}}},"fnMap":{"0":{"name":"smallest_subarray_with_given_sum","decl":{"start":{"line":1,"column":9},"end":{"line":1,"column":41}},"loc":{"start":{"line":1,"column":72},"end":{"line":30,"column":1}}}},"branchMap":{"0":{"loc":{"start":{"line":10,"column":4},"end":{"line":22,"column":null}},"type":"if","locations":[{"start":{"line":10,"column":4},"end":{"line":22,"column":null}},{"start":{"line":17,"column":11},"end":{"line":22,"column":null}}]},"1":{"loc":{"start":{"line":11,"column":6},"end":{"line":13,"column":null}},"type":"if","locations":[{"start":{"line":11,"column":6},"end":{"line":13,"column":null}}]},"2":{"loc":{"start":{"line":19,"column":6},"end":{"line":21,"column":null}},"type":"if","locations":[{"start":{"line":19,"column":6},"end":{"line":21,"column":null}}]},"3":{"loc":{"start":{"line":25,"column":2},"end":{"line":27,"column":null}},"type":"if","locations":[{"start":{"line":25,"column":2},"end":{"line":27,"column":null}}]}},"s":{"0":2,"1":2,"2":2,"3":2,"4":2,"5":2,"6":2,"7":19,"8":7,"9":4,"10":7,"11":7,"12":7,"13":12,"14":12,"15":10,"16":2,"17":0,"18":2,"19":1,"20":1},"f":{"0":2},"b":{"0":[7,12],"1":[4],"2":[10],"3":[0]}}
,"/home/jac/Code/DevReps/src/util/DataStrucFactory.ts": {"path":"/home/jac/Code/DevReps/src/util/DataStrucFactory.ts","statementMap":{"0":{"start":{"line":6,"column":4},"end":{"line":6,"column":null}},"1":{"start":{"line":10,"column":4},"end":{"line":10,"column":null}},"2":{"start":{"line":14,"column":4},"end":{"line":14,"column":null}},"3":{"start":{"line":451,"column":9},"end":{"line":451,"column":14}},"4":{"start":{"line":24,"column":4},"end":{"line":24,"column":null}},"5":{"start":{"line":25,"column":4},"end":{"line":25,"column":null}},"6":{"start":{"line":29,"column":20},"end":{"line":29,"column":38}},"7":{"start":{"line":30,"column":4},"end":{"line":30,"column":null}},"8":{"start":{"line":31,"column":4},"end":{"line":31,"column":null}},"9":{"start":{"line":32,"column":4},"end":{"line":32,"column":null}},"10":{"start":{"line":36,"column":4},"end":{"line":38,"column":null}},"11":{"start":{"line":37,"column":6},"end":{"line":37,"column":null}},"12":{"start":{"line":42,"column":4},"end":{"line":44,"column":null}},"13":{"start":{"line":43,"column":6},"end":{"line":43,"column":18}},"14":{"start":{"line":46,"column":23},"end":{"line":46,"column":37}},"15":{"start":{"line":47,"column":4},"end":{"line":47,"column":null}},"16":{"start":{"line":48,"column":4},"end":{"line":48,"column":null}},"17":{"start":{"line":50,"column":4},"end":{"line":50,"column":null}},"18":{"start":{"line":54,"column":4},"end":{"line":54,"column":null}},"19":{"start":{"line":58,"column":4},"end":{"line":58,"column":null}},"20":{"start":{"line":62,"column":4},"end":{"line":62,"column":null}},"21":{"start":{"line":451,"column":16},"end":{"line":451,"column":31}},"22":{"start":{"line":71,"column":4},"end":{"line":71,"column":null}},"23":{"start":{"line":72,"column":4},"end":{"line":72,"column":null}},"24":{"start":{"line":76,"column":20},"end":{"line":76,"column":38}},"25":{"start":{"line":78,"column":4},"end":{"line":84,"column":null}},"26":{"start":{"line":79,"column":6},"end":{"line":79,"column":null}},"27":{"start":{"line":80,"column":6},"end":{"line":80,"column":null}},"28":{"start":{"line":82,"column":6},"end":{"line":82,"column":null}},"29":{"start":{"line":83,"column":6},"end":{"line":83,"column":null}},"30":{"start":{"line":88,"column":4},"end":{"line":90,"column":null}},"31":{"start":{"line":89,"column":6},"end":{"line":89,"column":null}},"32":{"start":{"line":94,"column":4},"end":{"line":96,"column":null}},"33":{"start":{"line":95,"column":6},"end":{"line":95,"column":18}},"34":{"start":{"line":98,"column":25},"end":{"line":98,"column":41}},"35":{"start":{"line":99,"column":4},"end":{"line":99,"column":null}},"36":{"start":{"line":101,"column":4},"end":{"line":103,"column":null}},"37":{"start":{"line":102,"column":6},"end":{"line":102,"column":23}},"38":{"start":{"line":105,"column":4},"end":{"line":105,"column":null}},"39":{"start":{"line":109,"column":4},"end":{"line":109,"column":null}},"40":{"start":{"line":451,"column":33},"end":{"line":451,"column":38}},"41":{"start":{"line":118,"column":4},"end":{"line":118,"column":null}},"42":{"start":{"line":119,"column":4},"end":{"line":119,"column":null}},"43":{"start":{"line":453,"column":9},"end":{"line":453,"column":17}},"44":{"start":{"line":133,"column":4},"end":{"line":133,"column":null}},"45":{"start":{"line":134,"column":4},"end":{"line":134,"column":null}},"46":{"start":{"line":135,"column":4},"end":{"line":135,"column":null}},"47":{"start":{"line":453,"column":19},"end":{"line":453,"column":31}},"48":{"start":{"line":143,"column":4},"end":{"line":143,"column":null}},"49":{"start":{"line":147,"column":4},"end":{"line":149,"column":null}},"50":{"start":{"line":148,"column":6},"end":{"line":148,"column":null}},"51":{"start":{"line":151,"column":35},"end":{"line":151,"column":58}},"52":{"start":{"line":152,"column":38},"end":{"line":152,"column":42}},"53":{"start":{"line":154,"column":4},"end":{"line":158,"column":null}},"54":{"start":{"line":154,"column":17},"end":{"line":154,"column":18}},"55":{"start":{"line":155,"column":35},"end":{"line":155,"column":58}},"56":{"start":{"line":156,"column":6},"end":{"line":156,"column":null}},"57":{"start":{"line":157,"column":6},"end":{"line":157,"column":null}},"58":{"start":{"line":161,"column":4},"end":{"line":163,"column":null}},"59":{"start":{"line":162,"column":6},"end":{"line":162,"column":null}},"60":{"start":{"line":165,"column":4},"end":{"line":165,"column":null}},"61":{"start":{"line":173,"column":4},"end":{"line":173,"column":null}},"62":{"start":{"line":177,"column":4},"end":{"line":179,"column":null}},"63":{"start":{"line":178,"column":6},"end":{"line":178,"column":null}},"64":{"start":{"line":181,"column":39},"end":{"line":181,"column":66}},"65":{"start":{"line":182,"column":42},"end":{"line":182,"column":46}},"66":{"start":{"line":183,"column":39},"end":{"line":183,"column":43}},"67":{"start":{"line":185,"column":4},"end":{"line":190,"column":null}},"68":{"start":{"line":185,"column":17},"end":{"line":185,"column":18}},"69":{"start":{"line":186,"column":39},"end":{"line":186,"column":66}},"70":{"start":{"line":187,"column":6},"end":{"line":187,"column":null}},"71":{"start":{"line":188,"column":6},"end":{"line":188,"column":null}},"72":{"start":{"line":189,"column":6},"end":{"line":189,"column":null}},"73":{"start":{"line":193,"column":4},"end":{"line":196,"column":null}},"74":{"start":{"line":194,"column":6},"end":{"line":194,"column":null}},"75":{"start":{"line":195,"column":6},"end":{"line":195,"column":null}},"76":{"start":{"line":198,"column":4},"end":{"line":198,"column":null}},"77":{"start":{"line":208,"column":4},"end":{"line":208,"column":null}},"78":{"start":{"line":209,"column":4},"end":{"line":209,"column":null}},"79":{"start":{"line":210,"column":4},"end":{"line":210,"column":null}},"80":{"start":{"line":453,"column":33},"end":{"line":453,"column":41}},"81":{"start":{"line":219,"column":4},"end":{"line":219,"column":null}},"82":{"start":{"line":220,"column":4},"end":{"line":220,"column":null}},"83":{"start":{"line":453,"column":43},"end":{"line":453,"column":52}},"84":{"start":{"line":229,"column":4},"end":{"line":229,"column":null}},"85":{"start":{"line":451,"column":40},"end":{"line":451,"column":56}},"86":{"start":{"line":239,"column":4},"end":{"line":239,"column":null}},"87":{"start":{"line":242,"column":4},"end":{"line":244,"column":null}},"88":{"start":{"line":243,"column":6},"end":{"line":243,"column":null}},"89":{"start":{"line":247,"column":4},"end":{"line":249,"column":null}},"90":{"start":{"line":248,"column":6},"end":{"line":248,"column":null}},"91":{"start":{"line":253,"column":4},"end":{"line":253,"column":null}},"92":{"start":{"line":257,"column":4},"end":{"line":257,"column":null}},"93":{"start":{"line":258,"column":4},"end":{"line":258,"column":null}},"94":{"start":{"line":451,"column":58},"end":{"line":451,"column":63}},"95":{"start":{"line":268,"column":4},"end":{"line":268,"column":null}},"96":{"start":{"line":272,"column":4},"end":{"line":272,"column":null}},"97":{"start":{"line":273,"column":4},"end":{"line":273,"column":null}},"98":{"start":{"line":277,"column":4},"end":{"line":279,"column":null}},"99":{"start":{"line":278,"column":6},"end":{"line":278,"column":null}},"100":{"start":{"line":281,"column":4},"end":{"line":284,"column":null}},"101":{"start":{"line":282,"column":18},"end":{"line":282,"column":34}},"102":{"start":{"line":283,"column":6},"end":{"line":283,"column":null}},"103":{"start":{"line":286,"column":16},"end":{"line":286,"column":28}},"104":{"start":{"line":287,"column":4},"end":{"line":287,"column":null}},"105":{"start":{"line":288,"column":4},"end":{"line":288,"column":null}},"106":{"start":{"line":290,"column":4},"end":{"line":290,"column":null}},"107":{"start":{"line":294,"column":16},"end":{"line":294,"column":36}},"108":{"start":{"line":295,"column":4},"end":{"line":303,"column":null}},"109":{"start":{"line":296,"column":26},"end":{"line":296,"column":53}},"110":{"start":{"line":297,"column":6},"end":{"line":299,"column":null}},"111":{"start":{"line":298,"column":8},"end":{"line":298,"column":13}},"112":{"start":{"line":301,"column":7},"end":{"line":301,"column":null}},"113":{"start":{"line":302,"column":6},"end":{"line":302,"column":null}},"114":{"start":{"line":307,"column":16},"end":{"line":307,"column":17}},"115":{"start":{"line":308,"column":19},"end":{"line":308,"column":35}},"116":{"start":{"line":309,"column":4},"end":{"line":328,"column":null}},"117":{"start":{"line":310,"column":27},"end":{"line":310,"column":40}},"118":{"start":{"line":311,"column":28},"end":{"line":311,"column":41}},"119":{"start":{"line":312,"column":17},"end":{"line":312,"column":21}},"120":{"start":{"line":314,"column":6},"end":{"line":316,"column":null}},"121":{"start":{"line":315,"column":8},"end":{"line":315,"column":null}},"122":{"start":{"line":318,"column":6},"end":{"line":323,"column":null}},"123":{"start":{"line":322,"column":8},"end":{"line":322,"column":null}},"124":{"start":{"line":325,"column":6},"end":{"line":325,"column":null}},"125":{"start":{"line":325,"column":25},"end":{"line":325,"column":null}},"126":{"start":{"line":326,"column":7},"end":{"line":326,"column":null}},"127":{"start":{"line":327,"column":6},"end":{"line":327,"column":null}},"128":{"start":{"line":451,"column":74},"end":{"line":451,"column":81}},"129":{"start":{"line":336,"column":4},"end":{"line":336,"column":null}},"130":{"start":{"line":340,"column":4},"end":{"line":340,"column":null}},"131":{"start":{"line":341,"column":4},"end":{"line":341,"column":null}},"132":{"start":{"line":345,"column":4},"end":{"line":347,"column":null}},"133":{"start":{"line":346,"column":6},"end":{"line":346,"column":null}},"134":{"start":{"line":349,"column":4},"end":{"line":352,"column":null}},"135":{"start":{"line":350,"column":18},"end":{"line":350,"column":34}},"136":{"start":{"line":351,"column":6},"end":{"line":351,"column":null}},"137":{"start":{"line":354,"column":16},"end":{"line":354,"column":28}},"138":{"start":{"line":355,"column":4},"end":{"line":355,"column":null}},"139":{"start":{"line":356,"column":4},"end":{"line":356,"column":null}},"140":{"start":{"line":358,"column":4},"end":{"line":358,"column":null}},"141":{"start":{"line":362,"column":16},"end":{"line":362,"column":36}},"142":{"start":{"line":363,"column":4},"end":{"line":371,"column":null}},"143":{"start":{"line":364,"column":26},"end":{"line":364,"column":53}},"144":{"start":{"line":365,"column":6},"end":{"line":367,"column":null}},"145":{"start":{"line":366,"column":8},"end":{"line":366,"column":13}},"146":{"start":{"line":369,"column":7},"end":{"line":369,"column":null}},"147":{"start":{"line":370,"column":6},"end":{"line":370,"column":null}},"148":{"start":{"line":375,"column":16},"end":{"line":375,"column":17}},"149":{"start":{"line":376,"column":19},"end":{"line":376,"column":35}},"150":{"start":{"line":377,"column":4},"end":{"line":396,"column":null}},"151":{"start":{"line":378,"column":27},"end":{"line":378,"column":40}},"152":{"start":{"line":379,"column":28},"end":{"line":379,"column":41}},"153":{"start":{"line":380,"column":17},"end":{"line":380,"column":21}},"154":{"start":{"line":382,"column":6},"end":{"line":384,"column":null}},"155":{"start":{"line":383,"column":8},"end":{"line":383,"column":null}},"156":{"start":{"line":386,"column":6},"end":{"line":391,"column":null}},"157":{"start":{"line":390,"column":8},"end":{"line":390,"column":null}},"158":{"start":{"line":393,"column":6},"end":{"line":393,"column":null}},"159":{"start":{"line":393,"column":25},"end":{"line":393,"column":null}},"160":{"start":{"line":394,"column":7},"end":{"line":394,"column":null}},"161":{"start":{"line":395,"column":6},"end":{"line":395,"column":null}},"162":{"start":{"line":451,"column":65},"end":{"line":451,"column":72}},"163":{"start":{"line":403,"column":4},"end":{"line":403,"column":null}},"164":{"start":{"line":407,"column":4},"end":{"line":407,"column":null}},"165":{"start":{"line":411,"column":4},"end":{"line":411,"column":null}},"166":{"start":{"line":415,"column":4},"end":{"line":415,"column":null}},"167":{"start":{"line":419,"column":4},"end":{"line":419,"column":null}},"168":{"start":{"line":423,"column":4},"end":{"line":423,"column":null}},"169":{"start":{"line":427,"column":4},"end":{"line":427,"column":null}},"170":{"start":{"line":431,"column":4},"end":{"line":431,"column":null}},"171":{"start":{"line":435,"column":4},"end":{"line":435,"column":null}},"172":{"start":{"line":439,"column":4},"end":{"line":439,"column":null}},"173":{"start":{"line":443,"column":4},"end":{"line":443,"column":null}},"174":{"start":{"line":449,"column":9},"end":{"line":449,"column":29}}},"fnMap":{"0":{"name":"(anonymous_0)","decl":{"start":{"line":5,"column":2},"end":{"line":5,"column":14}},"loc":{"start":{"line":5,"column":34},"end":{"line":7,"column":3}}},"1":{"name":"(anonymous_1)","decl":{"start":{"line":9,"column":2},"end":{"line":9,"column":6}},"loc":{"start":{"line":9,"column":16},"end":{"line":11,"column":3}}},"2":{"name":"(anonymous_2)","decl":{"start":{"line":13,"column":2},"end":{"line":13,"column":5}},"loc":{"start":{"line":13,"column":5},"end":{"line":15,"column":3}}},"3":{"name":"(anonymous_3)","decl":{"start":{"line":23,"column":2},"end":{"line":23,"column":14}},"loc":{"start":{"line":23,"column":43},"end":{"line":26,"column":3}}},"4":{"name":"(anonymous_4)","decl":{"start":{"line":28,"column":2},"end":{"line":28,"column":6}},"loc":{"start":{"line":28,"column":14},"end":{"line":33,"column":3}}},"5":{"name":"(anonymous_5)","decl":{"start":{"line":35,"column":2},"end":{"line":35,"column":10}},"loc":{"start":{"line":35,"column":21},"end":{"line":39,"column":3}}},"6":{"name":"(anonymous_6)","decl":{"start":{"line":41,"column":2},"end":{"line":41,"column":5}},"loc":{"start":{"line":41,"column":5},"end":{"line":51,"column":3}}},"7":{"name":"(anonymous_7)","decl":{"start":{"line":53,"column":2},"end":{"line":53,"column":6}},"loc":{"start":{"line":53,"column":6},"end":{"line":55,"column":3}}},"8":{"name":"(anonymous_8)","decl":{"start":{"line":57,"column":2},"end":{"line":57,"column":9}},"loc":{"start":{"line":57,"column":9},"end":{"line":59,"column":3}}},"9":{"name":"(anonymous_9)","decl":{"start":{"line":61,"column":2},"end":{"line":61,"column":9}},"loc":{"start":{"line":61,"column":9},"end":{"line":63,"column":3}}},"10":{"name":"(anonymous_10)","decl":{"start":{"line":70,"column":2},"end":{"line":70,"column":14}},"loc":{"start":{"line":70,"column":43},"end":{"line":73,"column":3}}},"11":{"name":"(anonymous_11)","decl":{"start":{"line":75,"column":2},"end":{"line":75,"column":9}},"loc":{"start":{"line":75,"column":17},"end":{"line":85,"column":3}}},"12":{"name":"(anonymous_12)","decl":{"start":{"line":87,"column":2},"end":{"line":87,"column":13}},"loc":{"start":{"line":87,"column":24},"end":{"line":91,"column":3}}},"13":{"name":"(anonymous_13)","decl":{"start":{"line":93,"column":2},"end":{"line":93,"column":9}},"loc":{"start":{"line":93,"column":9},"end":{"line":106,"column":3}}},"14":{"name":"(anonymous_14)","decl":{"start":{"line":108,"column":2},"end":{"line":108,"column":9}},"loc":{"start":{"line":108,"column":9},"end":{"line":110,"column":3}}},"15":{"name":"(anonymous_15)","decl":{"start":{"line":117,"column":2},"end":{"line":117,"column":14}},"loc":{"start":{"line":117,"column":22},"end":{"line":120,"column":3}}},"16":{"name":"(anonymous_16)","decl":{"start":{"line":128,"column":2},"end":{"line":128,"column":null}},"loc":{"start":{"line":131,"column":39},"end":{"line":136,"column":3}}},"17":{"name":"(anonymous_17)","decl":{"start":{"line":142,"column":2},"end":{"line":142,"column":14}},"loc":{"start":{"line":142,"column":25},"end":{"line":144,"column":3}}},"18":{"name":"(anonymous_18)","decl":{"start":{"line":146,"column":10},"end":{"line":146,"column":32}},"loc":{"start":{"line":146,"column":44},"end":{"line":166,"column":3}}},"19":{"name":"(anonymous_19)","decl":{"start":{"line":172,"column":2},"end":{"line":172,"column":14}},"loc":{"start":{"line":172,"column":25},"end":{"line":174,"column":3}}},"20":{"name":"(anonymous_20)","decl":{"start":{"line":176,"column":10},"end":{"line":176,"column":38}},"loc":{"start":{"line":176,"column":50},"end":{"line":199,"column":3}}},"21":{"name":"(anonymous_21)","decl":{"start":{"line":207,"column":2},"end":{"line":207,"column":14}},"loc":{"start":{"line":207,"column":24},"end":{"line":211,"column":3}}},"22":{"name":"(anonymous_22)","decl":{"start":{"line":218,"column":2},"end":{"line":218,"column":14}},"loc":{"start":{"line":218,"column":21},"end":{"line":221,"column":3}}},"23":{"name":"(anonymous_23)","decl":{"start":{"line":228,"column":2},"end":{"line":228,"column":14}},"loc":{"start":{"line":228,"column":28},"end":{"line":230,"column":3}}},"24":{"name":"(anonymous_24)","decl":{"start":{"line":238,"column":2},"end":{"line":238,"column":14}},"loc":{"start":{"line":238,"column":80},"end":{"line":250,"column":3}}},"25":{"name":"(anonymous_25)","decl":{"start":{"line":252,"column":2},"end":{"line":252,"column":9}},"loc":{"start":{"line":252,"column":20},"end":{"line":254,"column":3}}},"26":{"name":"(anonymous_26)","decl":{"start":{"line":256,"column":2},"end":{"line":256,"column":9}},"loc":{"start":{"line":256,"column":38},"end":{"line":259,"column":3}}},"27":{"name":"(anonymous_27)","decl":{"start":{"line":267,"column":2},"end":{"line":267,"column":14}},"loc":{"start":{"line":267,"column":31},"end":{"line":269,"column":3}}},"28":{"name":"(anonymous_28)","decl":{"start":{"line":271,"column":2},"end":{"line":271,"column":8}},"loc":{"start":{"line":271,"column":22},"end":{"line":274,"column":3}}},"29":{"name":"(anonymous_29)","decl":{"start":{"line":276,"column":2},"end":{"line":276,"column":9}},"loc":{"start":{"line":276,"column":9},"end":{"line":291,"column":3}}},"30":{"name":"(anonymous_30)","decl":{"start":{"line":293,"column":10},"end":{"line":293,"column":18}},"loc":{"start":{"line":293,"column":18},"end":{"line":304,"column":3}}},"31":{"name":"(anonymous_31)","decl":{"start":{"line":306,"column":10},"end":{"line":306,"column":20}},"loc":{"start":{"line":306,"column":20},"end":{"line":329,"column":3}}},"32":{"name":"(anonymous_32)","decl":{"start":{"line":335,"column":2},"end":{"line":335,"column":14}},"loc":{"start":{"line":335,"column":30},"end":{"line":337,"column":3}}},"33":{"name":"(anonymous_33)","decl":{"start":{"line":339,"column":2},"end":{"line":339,"column":8}},"loc":{"start":{"line":339,"column":22},"end":{"line":342,"column":3}}},"34":{"name":"(anonymous_34)","decl":{"start":{"line":344,"column":2},"end":{"line":344,"column":9}},"loc":{"start":{"line":344,"column":9},"end":{"line":359,"column":3}}},"35":{"name":"(anonymous_35)","decl":{"start":{"line":361,"column":10},"end":{"line":361,"column":18}},"loc":{"start":{"line":361,"column":18},"end":{"line":372,"column":3}}},"36":{"name":"(anonymous_36)","decl":{"start":{"line":374,"column":10},"end":{"line":374,"column":20}},"loc":{"start":{"line":374,"column":20},"end":{"line":397,"column":3}}},"37":{"name":"(anonymous_37)","decl":{"start":{"line":402,"column":2},"end":{"line":402,"column":8}},"loc":{"start":{"line":402,"column":41},"end":{"line":404,"column":3}}},"38":{"name":"(anonymous_38)","decl":{"start":{"line":406,"column":2},"end":{"line":406,"column":8}},"loc":{"start":{"line":406,"column":62},"end":{"line":408,"column":3}}},"39":{"name":"(anonymous_39)","decl":{"start":{"line":410,"column":2},"end":{"line":410,"column":8}},"loc":{"start":{"line":410,"column":39},"end":{"line":412,"column":3}}},"40":{"name":"(anonymous_40)","decl":{"start":{"line":414,"column":2},"end":{"line":414,"column":8}},"loc":{"start":{"line":414,"column":34},"end":{"line":416,"column":3}}},"41":{"name":"(anonymous_41)","decl":{"start":{"line":418,"column":2},"end":{"line":418,"column":8}},"loc":{"start":{"line":418,"column":37},"end":{"line":420,"column":3}}},"42":{"name":"(anonymous_42)","decl":{"start":{"line":422,"column":2},"end":{"line":422,"column":8}},"loc":{"start":{"line":422,"column":52},"end":{"line":424,"column":3}}},"43":{"name":"(anonymous_43)","decl":{"start":{"line":426,"column":2},"end":{"line":426,"column":8}},"loc":{"start":{"line":426,"column":46},"end":{"line":428,"column":3}}},"44":{"name":"(anonymous_44)","decl":{"start":{"line":430,"column":2},"end":{"line":430,"column":8}},"loc":{"start":{"line":430,"column":46},"end":{"line":432,"column":3}}},"45":{"name":"(anonymous_45)","decl":{"start":{"line":434,"column":2},"end":{"line":434,"column":8}},"loc":{"start":{"line":434,"column":87},"end":{"line":436,"column":3}}},"46":{"name":"(anonymous_46)","decl":{"start":{"line":438,"column":2},"end":{"line":438,"column":8}},"loc":{"start":{"line":438,"column":22},"end":{"line":440,"column":3}}},"47":{"name":"(anonymous_47)","decl":{"start":{"line":442,"column":2},"end":{"line":442,"column":8}},"loc":{"start":{"line":442,"column":22},"end":{"line":444,"column":3}}}},"branchMap":{"0":{"loc":{"start":{"line":23,"column":14},"end":{"line":23,"column":43}},"type":"default-arg","locations":[{"start":{"line":23,"column":39},"end":{"line":23,"column":43}}]},"1":{"loc":{"start":{"line":24,"column":15},"end":{"line":24,"column":63}},"type":"cond-expr","locations":[{"start":{"line":24,"column":30},"end":{"line":24,"column":56}},{"start":{"line":24,"column":59},"end":{"line":24,"column":63}}]},"2":{"loc":{"start":{"line":25,"column":16},"end":{"line":25,"column":36}},"type":"cond-expr","locations":[{"start":{"line":25,"column":31},"end":{"line":25,"column":32}},{"start":{"line":25,"column":35},"end":{"line":25,"column":36}}]},"3":{"loc":{"start":{"line":42,"column":4},"end":{"line":44,"column":null}},"type":"if","locations":[{"start":{"line":42,"column":4},"end":{"line":44,"column":null}}]},"4":{"loc":{"start":{"line":54,"column":11},"end":{"line":54,"column":43}},"type":"cond-expr","locations":[{"start":{"line":54,"column":22},"end":{"line":54,"column":36}},{"start":{"line":54,"column":39},"end":{"line":54,"column":43}}]},"5":{"loc":{"start":{"line":70,"column":14},"end":{"line":70,"column":43}},"type":"default-arg","locations":[{"start":{"line":70,"column":39},"end":{"line":70,"column":43}}]},"6":{"loc":{"start":{"line":71,"column":17},"end":{"line":71,"column":65}},"type":"cond-expr","locations":[{"start":{"line":71,"column":32},"end":{"line":71,"column":58}},{"start":{"line":71,"column":61},"end":{"line":71,"column":65}}]},"7":{"loc":{"start":{"line":72,"column":16},"end":{"line":72,"column":48}},"type":"cond-expr","locations":[{"start":{"line":72,"column":31},"end":{"line":72,"column":41}},{"start":{"line":72,"column":44},"end":{"line":72,"column":48}}]},"8":{"loc":{"start":{"line":78,"column":4},"end":{"line":84,"column":null}},"type":"if","locations":[{"start":{"line":78,"column":4},"end":{"line":84,"column":null}},{"start":{"line":81,"column":11},"end":{"line":84,"column":null}}]},"9":{"loc":{"start":{"line":94,"column":4},"end":{"line":96,"column":null}},"type":"if","locations":[{"start":{"line":94,"column":4},"end":{"line":96,"column":null}}]},"10":{"loc":{"start":{"line":101,"column":4},"end":{"line":103,"column":null}},"type":"if","locations":[{"start":{"line":101,"column":4},"end":{"line":103,"column":null}}]},"11":{"loc":{"start":{"line":130,"column":4},"end":{"line":130,"column":43}},"type":"default-arg","locations":[{"start":{"line":130,"column":39},"end":{"line":130,"column":43}}]},"12":{"loc":{"start":{"line":131,"column":4},"end":{"line":131,"column":39}},"type":"default-arg","locations":[{"start":{"line":131,"column":35},"end":{"line":131,"column":39}}]},"13":{"loc":{"start":{"line":147,"column":4},"end":{"line":149,"column":null}},"type":"if","locations":[{"start":{"line":147,"column":4},"end":{"line":149,"column":null}}]},"14":{"loc":{"start":{"line":161,"column":4},"end":{"line":163,"column":null}},"type":"if","locations":[{"start":{"line":161,"column":4},"end":{"line":163,"column":null}}]},"15":{"loc":{"start":{"line":177,"column":4},"end":{"line":179,"column":null}},"type":"if","locations":[{"start":{"line":177,"column":4},"end":{"line":179,"column":null}}]},"16":{"loc":{"start":{"line":193,"column":4},"end":{"line":196,"column":null}},"type":"if","locations":[{"start":{"line":193,"column":4},"end":{"line":196,"column":null}}]},"17":{"loc":{"start":{"line":219,"column":14},"end":{"line":219,"column":42}},"type":"cond-expr","locations":[{"start":{"line":219,"column":33},"end":{"line":219,"column":35}},{"start":{"line":219,"column":38},"end":{"line":219,"column":42}}]},"18":{"loc":{"start":{"line":238,"column":14},"end":{"line":238,"column":41}},"type":"default-arg","locations":[{"start":{"line":238,"column":39},"end":{"line":238,"column":41}}]},"19":{"loc":{"start":{"line":238,"column":43},"end":{"line":238,"column":80}},"type":"default-arg","locations":[{"start":{"line":238,"column":78},"end":{"line":238,"column":80}}]},"20":{"loc":{"start":{"line":267,"column":14},"end":{"line":267,"column":31}},"type":"default-arg","locations":[{"start":{"line":267,"column":26},"end":{"line":267,"column":31}}]},"21":{"loc":{"start":{"line":277,"column":4},"end":{"line":279,"column":null}},"type":"if","locations":[{"start":{"line":277,"column":4},"end":{"line":279,"column":null}}]},"22":{"loc":{"start":{"line":281,"column":4},"end":{"line":284,"column":null}},"type":"if","locations":[{"start":{"line":281,"column":4},"end":{"line":284,"column":null}}]},"23":{"loc":{"start":{"line":297,"column":6},"end":{"line":299,"column":null}},"type":"if","locations":[{"start":{"line":297,"column":6},"end":{"line":299,"column":null}}]},"24":{"loc":{"start":{"line":314,"column":6},"end":{"line":316,"column":null}},"type":"if","locations":[{"start":{"line":314,"column":6},"end":{"line":316,"column":null}}]},"25":{"loc":{"start":{"line":314,"column":10},"end":{"line":314,"column":77}},"type":"binary-expr","locations":[{"start":{"line":314,"column":10},"end":{"line":314,"column":31}},{"start":{"line":314,"column":35},"end":{"line":314,"column":77}}]},"26":{"loc":{"start":{"line":318,"column":6},"end":{"line":323,"column":null}},"type":"if","locations":[{"start":{"line":318,"column":6},"end":{"line":323,"column":null}}]},"27":{"loc":{"start":{"line":319,"column":8},"end":{"line":320,"column":77}},"type":"binary-expr","locations":[{"start":{"line":319,"column":8},"end":{"line":319,"column":30}},{"start":{"line":320,"column":9},"end":{"line":320,"column":22}},{"start":{"line":320,"column":26},"end":{"line":320,"column":76}}]},"28":{"loc":{"start":{"line":325,"column":6},"end":{"line":325,"column":null}},"type":"if","locations":[{"start":{"line":325,"column":6},"end":{"line":325,"column":null}}]},"29":{"loc":{"start":{"line":335,"column":14},"end":{"line":335,"column":30}},"type":"default-arg","locations":[{"start":{"line":335,"column":26},"end":{"line":335,"column":30}}]},"30":{"loc":{"start":{"line":345,"column":4},"end":{"line":347,"column":null}},"type":"if","locations":[{"start":{"line":345,"column":4},"end":{"line":347,"column":null}}]},"31":{"loc":{"start":{"line":349,"column":4},"end":{"line":352,"column":null}},"type":"if","locations":[{"start":{"line":349,"column":4},"end":{"line":352,"column":null}}]},"32":{"loc":{"start":{"line":365,"column":6},"end":{"line":367,"column":null}},"type":"if","locations":[{"start":{"line":365,"column":6},"end":{"line":367,"column":null}}]},"33":{"loc":{"start":{"line":382,"column":6},"end":{"line":384,"column":null}},"type":"if","locations":[{"start":{"line":382,"column":6},"end":{"line":384,"column":null}}]},"34":{"loc":{"start":{"line":382,"column":10},"end":{"line":382,"column":77}},"type":"binary-expr","locations":[{"start":{"line":382,"column":10},"end":{"line":382,"column":31}},{"start":{"line":382,"column":35},"end":{"line":382,"column":77}}]},"35":{"loc":{"start":{"line":386,"column":6},"end":{"line":391,"column":null}},"type":"if","locations":[{"start":{"line":386,"column":6},"end":{"line":391,"column":null}}]},"36":{"loc":{"start":{"line":387,"column":8},"end":{"line":388,"column":77}},"type":"binary-expr","locations":[{"start":{"line":387,"column":8},"end":{"line":387,"column":30}},{"start":{"line":388,"column":9},"end":{"line":388,"column":22}},{"start":{"line":388,"column":26},"end":{"line":388,"column":76}}]},"37":{"loc":{"start":{"line":393,"column":6},"end":{"line":393,"column":null}},"type":"if","locations":[{"start":{"line":393,"column":6},"end":{"line":393,"column":null}}]},"38":{"loc":{"start":{"line":406,"column":31},"end":{"line":406,"column":62}},"type":"default-arg","locations":[{"start":{"line":406,"column":58},"end":{"line":406,"column":62}}]},"39":{"loc":{"start":{"line":434,"column":21},"end":{"line":434,"column":48}},"type":"default-arg","locations":[{"start":{"line":434,"column":46},"end":{"line":434,"column":48}}]},"40":{"loc":{"start":{"line":434,"column":50},"end":{"line":434,"column":87}},"type":"default-arg","locations":[{"start":{"line":434,"column":85},"end":{"line":434,"column":87}}]}},"s":{"0":0,"1":0,"2":0,"3":1,"4":2,"5":2,"6":6,"7":6,"8":6,"9":6,"10":1,"11":3,"12":4,"13":0,"14":4,"15":4,"16":4,"17":4,"18":0,"19":0,"20":0,"21":1,"22":2,"23":2,"24":6,"25":6,"26":2,"27":2,"28":4,"29":4,"30":1,"31":3,"32":4,"33":0,"34":4,"35":4,"36":4,"37":1,"38":4,"39":0,"40":1,"41":16,"42":16,"43":1,"44":4,"45":4,"46":4,"47":1,"48":2,"49":2,"50":0,"51":2,"52":2,"53":2,"54":2,"55":2,"56":2,"57":2,"58":2,"59":2,"60":2,"61":2,"62":2,"63":0,"64":2,"65":2,"66":2,"67":2,"68":2,"69":2,"70":2,"71":2,"72":2,"73":2,"74":2,"75":2,"76":2,"77":1,"78":1,"79":1,"80":1,"81":3,"82":3,"83":1,"84":1,"85":1,"86":1,"87":1,"88":3,"89":1,"90":3,"91":3,"92":3,"93":3,"94":1,"95":1,"96":3,"97":3,"98":1,"99":0,"100":1,"101":0,"102":0,"103":1,"104":1,"105":1,"106":1,"107":3,"108":3,"109":2,"110":2,"111":2,"112":0,"113":0,"114":1,"115":1,"116":1,"117":2,"118":2,"119":2,"120":2,"121":1,"122":2,"123":0,"124":2,"125":1,"126":1,"127":1,"128":1,"129":1,"130":3,"131":3,"132":1,"133":0,"134":1,"135":0,"136":0,"137":1,"138":1,"139":1,"140":1,"141":3,"142":3,"143":2,"144":2,"145":0,"146":2,"147":2,"148":1,"149":1,"150":1,"151":1,"152":1,"153":1,"154":1,"155":0,"156":1,"157":0,"158":1,"159":1,"160":0,"161":0,"162":1,"163":0,"164":2,"165":2,"166":0,"167":0,"168":2,"169":2,"170":1,"171":1,"172":1,"173":1,"174":1},"f":{"0":0,"1":0,"2":0,"3":2,"4":6,"5":1,"6":4,"7":0,"8":0,"9":0,"10":2,"11":6,"12":1,"13":4,"14":0,"15":16,"16":4,"17":2,"18":2,"19":2,"20":2,"21":1,"22":3,"23":1,"24":1,"25":3,"26":3,"27":1,"28":3,"29":1,"30":3,"31":1,"32":1,"33":3,"34":1,"35":3,"36":1,"37":0,"38":2,"39":2,"40":0,"41":0,"42":2,"43":2,"44":1,"45":1,"46":1,"47":1},"b":{"0":[0],"1":[0,2],"2":[0,2],"3":[0],"4":[0,0],"5":[2],"6":[0,2],"7":[0,2],"8":[2,4],"9":[0],"10":[1],"11":[4],"12":[4],"13":[0],"14":[2],"15":[0],"16":[2],"17":[3,0],"18":[0],"19":[0],"20":[1],"21":[0],"22":[0],"23":[2],"24":[1],"25":[2,1],"26":[0],"27":[2,0,0],"28":[1],"29":[1],"30":[0],"31":[0],"32":[0],"33":[0],"34":[1,1],"35":[0],"36":[1,0,0],"37":[1],"38":[2],"39":[0],"40":[0]}}
}
