TN:
SF:src/_Optimal/lc209Alt.ts
FN:1,smallest_subarray_with_given_sum
FNF:1
FNH:1
FNDA:2,smallest_subarray_with_given_sum
DA:2,2
DA:3,2
DA:4,2
DA:5,2
DA:6,2
DA:7,2
DA:9,2
DA:10,19
DA:11,7
DA:12,4
DA:14,7
DA:15,7
DA:16,7
DA:18,12
DA:19,12
DA:20,10
DA:25,2
DA:26,0
DA:29,2
DA:32,1
DA:35,1
LF:21
LH:20
BRDA:10,0,0,7
BRDA:10,0,1,12
BRDA:11,1,0,4
BRDA:19,2,0,10
BRDA:25,3,0,0
BRF:5
BRH:4
end_of_record
TN:
SF:src/util/DataStrucFactory.ts
FN:5,(anonymous_0)
FN:9,(anonymous_1)
FN:13,(anonymous_2)
FN:23,(anonymous_3)
FN:28,(anonymous_4)
FN:35,(anonymous_5)
FN:41,(anonymous_6)
FN:53,(anonymous_7)
FN:57,(anonymous_8)
FN:61,(anonymous_9)
FN:70,(anonymous_10)
FN:75,(anonymous_11)
FN:87,(anonymous_12)
FN:93,(anonymous_13)
FN:108,(anonymous_14)
FN:117,(anonymous_15)
FN:128,(anonymous_16)
FN:142,(anonymous_17)
FN:146,(anonymous_18)
FN:172,(anonymous_19)
FN:176,(anonymous_20)
FN:207,(anonymous_21)
FN:218,(anonymous_22)
FN:228,(anonymous_23)
FN:238,(anonymous_24)
FN:252,(anonymous_25)
FN:256,(anonymous_26)
FN:267,(anonymous_27)
FN:271,(anonymous_28)
FN:276,(anonymous_29)
FN:293,(anonymous_30)
FN:306,(anonymous_31)
FN:335,(anonymous_32)
FN:339,(anonymous_33)
FN:344,(anonymous_34)
FN:361,(anonymous_35)
FN:374,(anonymous_36)
FN:402,(anonymous_37)
FN:406,(anonymous_38)
FN:410,(anonymous_39)
FN:414,(anonymous_40)
FN:418,(anonymous_41)
FN:422,(anonymous_42)
FN:426,(anonymous_43)
FN:430,(anonymous_44)
FN:434,(anonymous_45)
FN:438,(anonymous_46)
FN:442,(anonymous_47)
FNF:48
FNH:38
FNDA:0,(anonymous_0)
FNDA:0,(anonymous_1)
FNDA:0,(anonymous_2)
FNDA:2,(anonymous_3)
FNDA:6,(anonymous_4)
FNDA:1,(anonymous_5)
FNDA:4,(anonymous_6)
FNDA:0,(anonymous_7)
FNDA:0,(anonymous_8)
FNDA:0,(anonymous_9)
FNDA:2,(anonymous_10)
FNDA:6,(anonymous_11)
FNDA:1,(anonymous_12)
FNDA:4,(anonymous_13)
FNDA:0,(anonymous_14)
FNDA:16,(anonymous_15)
FNDA:4,(anonymous_16)
FNDA:2,(anonymous_17)
FNDA:2,(anonymous_18)
FNDA:2,(anonymous_19)
FNDA:2,(anonymous_20)
FNDA:1,(anonymous_21)
FNDA:3,(anonymous_22)
FNDA:1,(anonymous_23)
FNDA:1,(anonymous_24)
FNDA:3,(anonymous_25)
FNDA:3,(anonymous_26)
FNDA:1,(anonymous_27)
FNDA:3,(anonymous_28)
FNDA:1,(anonymous_29)
FNDA:3,(anonymous_30)
FNDA:1,(anonymous_31)
FNDA:1,(anonymous_32)
FNDA:3,(anonymous_33)
FNDA:1,(anonymous_34)
FNDA:3,(anonymous_35)
FNDA:1,(anonymous_36)
FNDA:0,(anonymous_37)
FNDA:2,(anonymous_38)
FNDA:2,(anonymous_39)
FNDA:0,(anonymous_40)
FNDA:0,(anonymous_41)
FNDA:2,(anonymous_42)
FNDA:2,(anonymous_43)
FNDA:1,(anonymous_44)
FNDA:1,(anonymous_45)
FNDA:1,(anonymous_46)
FNDA:1,(anonymous_47)
DA:6,0
DA:10,0
DA:14,0
DA:24,2
DA:25,2
DA:29,6
DA:30,6
DA:31,6
DA:32,6
DA:36,1
DA:37,3
DA:42,4
DA:43,0
DA:46,4
DA:47,4
DA:48,4
DA:50,4
DA:54,0
DA:58,0
DA:62,0
DA:71,2
DA:72,2
DA:76,6
DA:78,6
DA:79,2
DA:80,2
DA:82,4
DA:83,4
DA:88,1
DA:89,3
DA:94,4
DA:95,0
DA:98,4
DA:99,4
DA:101,4
DA:102,1
DA:105,4
DA:109,0
DA:118,16
DA:119,16
DA:133,4
DA:134,4
DA:135,4
DA:143,2
DA:147,2
DA:148,0
DA:151,2
DA:152,2
DA:154,2
DA:155,2
DA:156,2
DA:157,2
DA:161,2
DA:162,2
DA:165,2
DA:173,2
DA:177,2
DA:178,0
DA:181,2
DA:182,2
DA:183,2
DA:185,2
DA:186,2
DA:187,2
DA:188,2
DA:189,2
DA:193,2
DA:194,2
DA:195,2
DA:198,2
DA:208,1
DA:209,1
DA:210,1
DA:219,3
DA:220,3
DA:229,1
DA:239,1
DA:242,1
DA:243,3
DA:247,1
DA:248,3
DA:253,3
DA:257,3
DA:258,3
DA:268,1
DA:272,3
DA:273,3
DA:277,1
DA:278,0
DA:281,1
DA:282,0
DA:283,0
DA:286,1
DA:287,1
DA:288,1
DA:290,1
DA:294,3
DA:295,3
DA:296,2
DA:297,2
DA:298,2
DA:301,0
DA:302,0
DA:307,1
DA:308,1
DA:309,1
DA:310,2
DA:311,2
DA:312,2
DA:314,2
DA:315,1
DA:318,2
DA:322,0
DA:325,2
DA:326,1
DA:327,1
DA:336,1
DA:340,3
DA:341,3
DA:345,1
DA:346,0
DA:349,1
DA:350,0
DA:351,0
DA:354,1
DA:355,1
DA:356,1
DA:358,1
DA:362,3
DA:363,3
DA:364,2
DA:365,2
DA:366,0
DA:369,2
DA:370,2
DA:375,1
DA:376,1
DA:377,1
DA:378,1
DA:379,1
DA:380,1
DA:382,1
DA:383,0
DA:386,1
DA:390,0
DA:393,1
DA:394,0
DA:395,0
DA:403,0
DA:407,2
DA:411,2
DA:415,0
DA:419,0
DA:423,2
DA:427,2
DA:431,1
DA:435,1
DA:439,1
DA:443,1
DA:449,1
DA:451,1
DA:453,1
LF:162
LH:134
BRDA:23,0,0,0
BRDA:24,1,0,0
BRDA:24,1,1,2
BRDA:25,2,0,0
BRDA:25,2,1,2
BRDA:42,3,0,0
BRDA:54,4,0,0
BRDA:54,4,1,0
BRDA:70,5,0,2
BRDA:71,6,0,0
BRDA:71,6,1,2
BRDA:72,7,0,0
BRDA:72,7,1,2
BRDA:78,8,0,2
BRDA:78,8,1,4
BRDA:94,9,0,0
BRDA:101,10,0,1
BRDA:130,11,0,4
BRDA:131,12,0,4
BRDA:147,13,0,0
BRDA:161,14,0,2
BRDA:177,15,0,0
BRDA:193,16,0,2
BRDA:219,17,0,3
BRDA:219,17,1,0
BRDA:238,18,0,0
BRDA:238,19,0,0
BRDA:267,20,0,1
BRDA:277,21,0,0
BRDA:281,22,0,0
BRDA:297,23,0,2
BRDA:314,24,0,1
BRDA:314,25,0,2
BRDA:314,25,1,1
BRDA:318,26,0,0
BRDA:319,27,0,2
BRDA:319,27,1,0
BRDA:319,27,2,0
BRDA:325,28,0,1
BRDA:335,29,0,1
BRDA:345,30,0,0
BRDA:349,31,0,0
BRDA:365,32,0,0
BRDA:382,33,0,0
BRDA:382,34,0,1
BRDA:382,34,1,1
BRDA:386,35,0,0
BRDA:387,36,0,1
BRDA:387,36,1,0
BRDA:387,36,2,0
BRDA:393,37,0,1
BRDA:406,38,0,2
BRDA:434,39,0,0
BRDA:434,40,0,0
BRF:54
BRH:26
end_of_record
